# JRE version: Java(TM) SE Runtime Environment (8.0-b132) (build 1.8.0-b132)
# Java VM: Java HotSpot(TM) 64-Bit Server VM (25.0-b70 mixed mode windows-amd64 compressed oops)
Heap:
 PSYoungGen      total 1024K, used 576K [0x00000000d5780000, 0x00000000d5980000, 0x0000000100000000)
  eden space 512K, 12% used [0x00000000d5780000,0x00000000d5790278,0x00000000d5800000)
  from space 512K, 100% used [0x00000000d5880000,0x00000000d5900000,0x00000000d5900000)
  to   space 512K, 0% used [0x00000000d5800000,0x00000000d5800000,0x00000000d5880000)
 ParOldGen       total 129536K, used 168K [0x0000000080600000, 0x0000000088480000, 0x00000000d5780000)
  object space 129536K, 0% used [0x0000000080600000,0x000000008062a010,0x0000000088480000)
 Metaspace       used 3575K, capacity 4678K, committed 4864K, reserved 1056768K
  class space    used 397K, capacity 430K, committed 512K, reserved 1048576K
GC Heap History (4 events):
Event: 0.115 GC heap before
{Heap before GC invocations=1 (full 0):
 PSYoungGen      total 1024K, used 512K [0x00000000d5780000, 0x00000000d5900000, 0x0000000100000000)
  eden space 512K, 100% used [0x00000000d5780000,0x00000000d5800000,0x00000000d5800000)
  from space 512K, 0% used [0x00000000d5880000,0x00000000d5880000,0x00000000d5900000)
  to   space 512K, 0% used [0x00000000d5800000,0x00000000d5800000,0x00000000d5880000)
 ParOldGen       total 129536K, used 0K [0x0000000080600000, 0x0000000088480000, 0x00000000d5780000)
  object space 129536K, 0% used [0x0000000080600000,0x0000000080600000,0x0000000088480000)
 Metaspace       used 2663K, capacity 4494K, committed 4864K, reserved 1056768K
  class space    used 283K, capacity 386K, committed 512K, reserved 1048576K
Event: 0.116 GC heap after
Heap after GC invocations=1 (full 0):
 PSYoungGen      total 1024K, used 432K [0x00000000d5780000, 0x00000000d5900000, 0x0000000100000000)
  eden space 512K, 0% used [0x00000000d5780000,0x00000000d5780000,0x00000000d5800000)
  from space 512K, 84% used [0x00000000d5800000,0x00000000d586c010,0x00000000d5880000)
  to   space 512K, 0% used [0x00000000d5880000,0x00000000d5880000,0x00000000d5900000)
 ParOldGen       total 129536K, used 8K [0x0000000080600000, 0x0000000088480000, 0x00000000d5780000)
  object space 129536K, 0% used [0x0000000080600000,0x0000000080602000,0x0000000088480000)
 Metaspace       used 2663K, capacity 4494K, committed 4864K, reserved 1056768K
  class space    used 283K, capacity 386K, committed 512K, reserved 1048576K
}
Event: 0.151 GC heap before
{Heap before GC invocations=2 (full 0):
 PSYoungGen      total 1024K, used 942K [0x00000000d5780000, 0x00000000d5900000, 0x0000000100000000)
  eden space 512K, 99% used [0x00000000d5780000,0x00000000d57ff9c0,0x00000000d5800000)
  from space 512K, 84% used [0x00000000d5800000,0x00000000d586c010,0x00000000d5880000)
  to   space 512K, 0% used [0x00000000d5880000,0x00000000d5880000,0x00000000d5900000)
 ParOldGen       total 129536K, used 8K [0x0000000080600000, 0x0000000088480000, 0x00000000d5780000)
  object space 129536K, 0% used [0x0000000080600000,0x0000000080602000,0x0000000088480000)
 Metaspace       used 3451K, capacity 4568K, committed 4864K, reserved 1056768K
  class space    used 385K, capacity 388K, committed 512K, reserved 1048576K
Event: 0.152 GC heap after
Heap after GC invocations=2 (full 0):
 PSYoungGen      total 1024K, used 512K [0x00000000d5780000, 0x00000000d5980000, 0x0000000100000000)
  eden space 512K, 0% used [0x00000000d5780000,0x00000000d5780000,0x00000000d5800000)
  from space 512K, 100% used [0x00000000d5880000,0x00000000d5900000,0x00000000d5900000)
  to   space 512K, 0% used [0x00000000d5800000,0x00000000d5800000,0x00000000d5880000)
 ParOldGen       total 129536K, used 168K [0x0000000080600000, 0x0000000088480000, 0x00000000d5780000)
  object space 129536K, 0% used [0x0000000080600000,0x000000008062a010,0x0000000088480000)
 Metaspace       used 3451K, capacity 4568K, committed 4864K, reserved 1056768K
  class space    used 385K, capacity 388K, committed 512K, reserved 1048576K
}

